<?xml version="1.0" encoding="UTF-8"?>
<testsuite xmlns:xsi="http://www.w3.org/2001/XMLSchema-instance" xsi:noNamespaceSchemaLocation="https://maven.apache.org/surefire/maven-surefire-plugin/xsd/surefire-test-report.xsd" name="TestSuite" time="18.199" tests="25" errors="0" skipped="17" failures="8">
  <properties>
[...]
</properties>
  <testcase name="setup" classname="tests.HomePageTest" time="10.069">
    <failure message="session not created: This version of ChromeDriver only supports Chrome version 114&#10;Current browser version is 126.0.6478.127 with binary path C:\Program Files (x86)\Google\Chrome\Application\chrome.exe&#10;Build info: version: &apos;3.141.59&apos;, revision: &apos;e82be7d358&apos;, time: &apos;2018-11-14T08:17:03&apos;&#10;System info: host: &apos;DESKTOP-994P8DU&apos;, ip: &apos;192.168.1.6&apos;, os.name: &apos;Windows 10&apos;, os.arch: &apos;amd64&apos;, os.version: &apos;10.0&apos;, java.version: &apos;1.8.0_202&apos;&#10;Driver info: driver.version: ChromeDriver&#10;remote stacktrace: Backtrace:&#10;	GetHandleVerifier [0x003EA813+48355]&#10;	(No symbol) [0x0037C4B1]&#10;	(No symbol) [0x00285358]&#10;	(No symbol) [0x002A61AC]&#10;	(No symbol) [0x002A1EF3]&#10;	(No symbol) [0x002A0579]&#10;	(No symbol) [0x002D0C55]&#10;	(No symbol) [0x002D093C]&#10;	(No symbol) [0x002CA536]&#10;	(No symbol) [0x002A82DC]&#10;	(No symbol) [0x002A93DD]&#10;	GetHandleVerifier [0x0064AABD+2539405]&#10;	GetHandleVerifier [0x0068A78F+2800735]&#10;	GetHandleVerifier [0x0068456C+2775612]&#10;	GetHandleVerifier [0x004751E0+616112]&#10;	(No symbol) [0x00385F8C]&#10;	(No symbol) [0x00382328]&#10;	(No symbol) [0x0038240B]&#10;	(No symbol) [0x00374FF7]&#10;	BaseThreadInitThunk [0x7640FCC9+25]&#10;	RtlGetAppContainerNamedObjectPath [0x773080CE+286]&#10;	RtlGetAppContainerNamedObjectPath [0x7730809E+238]&#10;" type="org.openqa.selenium.SessionNotCreatedException">org.openqa.selenium.SessionNotCreatedException: 
session not created: This version of ChromeDriver only supports Chrome version 114
Current browser version is 126.0.6478.127 with binary path C:\Program Files (x86)\Google\Chrome\Application\chrome.exe
Build info: version: '3.141.59', revision: 'e82be7d358', time: '2018-11-14T08:17:03'
System info: host: 'DESKTOP-994P8DU', ip: '192.168.1.6', os.name: 'Windows 10', os.arch: 'amd64', os.version: '10.0', java.version: '1.8.0_202'
Driver info: driver.version: ChromeDriver
remote stacktrace: Backtrace:
	GetHandleVerifier [0x003EA813+48355]
	(No symbol) [0x0037C4B1]
	(No symbol) [0x00285358]
	(No symbol) [0x002A61AC]
	(No symbol) [0x002A1EF3]
	(No symbol) [0x002A0579]
	(No symbol) [0x002D0C55]
	(No symbol) [0x002D093C]
	(No symbol) [0x002CA536]
	(No symbol) [0x002A82DC]
	(No symbol) [0x002A93DD]
	GetHandleVerifier [0x0064AABD+2539405]
	GetHandleVerifier [0x0068A78F+2800735]
	GetHandleVerifier [0x0068456C+2775612]
	GetHandleVerifier [0x004751E0+616112]
	(No symbol) [0x00385F8C]
	(No symbol) [0x00382328]
	(No symbol) [0x0038240B]
	(No symbol) [0x00374FF7]
	BaseThreadInitThunk [0x7640FCC9+25]
	RtlGetAppContainerNamedObjectPath [0x773080CE+286]
	RtlGetAppContainerNamedObjectPath [0x7730809E+238]

</failure>
    <system-err><![CDATA[ERROR StatusLogger No Log4j 2 configuration file found. Using default configuration (logging only errors to the console), or user programmatically provided configurations. Set system property 'log4j2.debug' to show Log4j 2 internal initialization logging. See https://logging.apache.org/log4j/2.x/manual/configuration.html for instructions on how to configure Log4j 2
ChromeDriver was started successfully.
]]></system-err>
  </testcase>
  <testcase name="verifyTitle" classname="tests.HomePageTest" time="0">
    <skipped message="session not created: This version of ChromeDriver only supports Chrome version 114&#10;Current browser version is 126.0.6478.127 with binary path C:\Program Files (x86)\Google\Chrome\Application\chrome.exe&#10;Build info: version: &apos;3.141.59&apos;, revision: &apos;e82be7d358&apos;, time: &apos;2018-11-14T08:17:03&apos;&#10;System info: host: &apos;DESKTOP-994P8DU&apos;, ip: &apos;192.168.1.6&apos;, os.name: &apos;Windows 10&apos;, os.arch: &apos;amd64&apos;, os.version: &apos;10.0&apos;, java.version: &apos;1.8.0_202&apos;&#10;Driver info: driver.version: ChromeDriver&#10;remote stacktrace: Backtrace:&#10;	GetHandleVerifier [0x003EA813+48355]&#10;	(No symbol) [0x0037C4B1]&#10;	(No symbol) [0x00285358]&#10;	(No symbol) [0x002A61AC]&#10;	(No symbol) [0x002A1EF3]&#10;	(No symbol) [0x002A0579]&#10;	(No symbol) [0x002D0C55]&#10;	(No symbol) [0x002D093C]&#10;	(No symbol) [0x002CA536]&#10;	(No symbol) [0x002A82DC]&#10;	(No symbol) [0x002A93DD]&#10;	GetHandleVerifier [0x0064AABD+2539405]&#10;	GetHandleVerifier [0x0068A78F+2800735]&#10;	GetHandleVerifier [0x0068456C+2775612]&#10;	GetHandleVerifier [0x004751E0+616112]&#10;	(No symbol) [0x00385F8C]&#10;	(No symbol) [0x00382328]&#10;	(No symbol) [0x0038240B]&#10;	(No symbol) [0x00374FF7]&#10;	BaseThreadInitThunk [0x7640FCC9+25]&#10;	RtlGetAppContainerNamedObjectPath [0x773080CE+286]&#10;	RtlGetAppContainerNamedObjectPath [0x7730809E+238]&#10;"/>
  </testcase>
  <testcase name="verifyLogo" classname="tests.HomePageTest" time="0">
    <skipped message="session not created: This version of ChromeDriver only supports Chrome version 114&#10;Current browser version is 126.0.6478.127 with binary path C:\Program Files (x86)\Google\Chrome\Application\chrome.exe&#10;Build info: version: &apos;3.141.59&apos;, revision: &apos;e82be7d358&apos;, time: &apos;2018-11-14T08:17:03&apos;&#10;System info: host: &apos;DESKTOP-994P8DU&apos;, ip: &apos;192.168.1.6&apos;, os.name: &apos;Windows 10&apos;, os.arch: &apos;amd64&apos;, os.version: &apos;10.0&apos;, java.version: &apos;1.8.0_202&apos;&#10;Driver info: driver.version: ChromeDriver&#10;remote stacktrace: Backtrace:&#10;	GetHandleVerifier [0x003EA813+48355]&#10;	(No symbol) [0x0037C4B1]&#10;	(No symbol) [0x00285358]&#10;	(No symbol) [0x002A61AC]&#10;	(No symbol) [0x002A1EF3]&#10;	(No symbol) [0x002A0579]&#10;	(No symbol) [0x002D0C55]&#10;	(No symbol) [0x002D093C]&#10;	(No symbol) [0x002CA536]&#10;	(No symbol) [0x002A82DC]&#10;	(No symbol) [0x002A93DD]&#10;	GetHandleVerifier [0x0064AABD+2539405]&#10;	GetHandleVerifier [0x0068A78F+2800735]&#10;	GetHandleVerifier [0x0068456C+2775612]&#10;	GetHandleVerifier [0x004751E0+616112]&#10;	(No symbol) [0x00385F8C]&#10;	(No symbol) [0x00382328]&#10;	(No symbol) [0x0038240B]&#10;	(No symbol) [0x00374FF7]&#10;	BaseThreadInitThunk [0x7640FCC9+25]&#10;	RtlGetAppContainerNamedObjectPath [0x773080CE+286]&#10;	RtlGetAppContainerNamedObjectPath [0x7730809E+238]&#10;"/>
  </testcase>
  <testcase name="verifyHeadsetsDropdown" classname="tests.HomePageTest" time="0">
    <skipped message="session not created: This version of ChromeDriver only supports Chrome version 114&#10;Current browser version is 126.0.6478.127 with binary path C:\Program Files (x86)\Google\Chrome\Application\chrome.exe&#10;Build info: version: &apos;3.141.59&apos;, revision: &apos;e82be7d358&apos;, time: &apos;2018-11-14T08:17:03&apos;&#10;System info: host: &apos;DESKTOP-994P8DU&apos;, ip: &apos;192.168.1.6&apos;, os.name: &apos;Windows 10&apos;, os.arch: &apos;amd64&apos;, os.version: &apos;10.0&apos;, java.version: &apos;1.8.0_202&apos;&#10;Driver info: driver.version: ChromeDriver&#10;remote stacktrace: Backtrace:&#10;	GetHandleVerifier [0x003EA813+48355]&#10;	(No symbol) [0x0037C4B1]&#10;	(No symbol) [0x00285358]&#10;	(No symbol) [0x002A61AC]&#10;	(No symbol) [0x002A1EF3]&#10;	(No symbol) [0x002A0579]&#10;	(No symbol) [0x002D0C55]&#10;	(No symbol) [0x002D093C]&#10;	(No symbol) [0x002CA536]&#10;	(No symbol) [0x002A82DC]&#10;	(No symbol) [0x002A93DD]&#10;	GetHandleVerifier [0x0064AABD+2539405]&#10;	GetHandleVerifier [0x0068A78F+2800735]&#10;	GetHandleVerifier [0x0068456C+2775612]&#10;	GetHandleVerifier [0x004751E0+616112]&#10;	(No symbol) [0x00385F8C]&#10;	(No symbol) [0x00382328]&#10;	(No symbol) [0x0038240B]&#10;	(No symbol) [0x00374FF7]&#10;	BaseThreadInitThunk [0x7640FCC9+25]&#10;	RtlGetAppContainerNamedObjectPath [0x773080CE+286]&#10;	RtlGetAppContainerNamedObjectPath [0x7730809E+238]&#10;"/>
  </testcase>
  <testcase name="tearDown" classname="tests.HomePageTest" time="0.002">
    <failure type="java.lang.NullPointerException">java.lang.NullPointerException
</failure>
  </testcase>
  <testcase name="setup" classname="tests.LoginPageTest" time="3.436">
    <failure message="session not created: This version of ChromeDriver only supports Chrome version 114&#10;Current browser version is 126.0.6478.127 with binary path C:\Program Files (x86)\Google\Chrome\Application\chrome.exe&#10;Build info: version: &apos;3.141.59&apos;, revision: &apos;e82be7d358&apos;, time: &apos;2018-11-14T08:17:03&apos;&#10;System info: host: &apos;DESKTOP-994P8DU&apos;, ip: &apos;192.168.1.6&apos;, os.name: &apos;Windows 10&apos;, os.arch: &apos;amd64&apos;, os.version: &apos;10.0&apos;, java.version: &apos;1.8.0_202&apos;&#10;Driver info: driver.version: ChromeDriver&#10;remote stacktrace: Backtrace:&#10;	GetHandleVerifier [0x003EA813+48355]&#10;	(No symbol) [0x0037C4B1]&#10;	(No symbol) [0x00285358]&#10;	(No symbol) [0x002A61AC]&#10;	(No symbol) [0x002A1EF3]&#10;	(No symbol) [0x002A0579]&#10;	(No symbol) [0x002D0C55]&#10;	(No symbol) [0x002D093C]&#10;	(No symbol) [0x002CA536]&#10;	(No symbol) [0x002A82DC]&#10;	(No symbol) [0x002A93DD]&#10;	GetHandleVerifier [0x0064AABD+2539405]&#10;	GetHandleVerifier [0x0068A78F+2800735]&#10;	GetHandleVerifier [0x0068456C+2775612]&#10;	GetHandleVerifier [0x004751E0+616112]&#10;	(No symbol) [0x00385F8C]&#10;	(No symbol) [0x00382328]&#10;	(No symbol) [0x0038240B]&#10;	(No symbol) [0x00374FF7]&#10;	BaseThreadInitThunk [0x7640FCC9+25]&#10;	RtlGetAppContainerNamedObjectPath [0x773080CE+286]&#10;	RtlGetAppContainerNamedObjectPath [0x7730809E+238]&#10;" type="org.openqa.selenium.SessionNotCreatedException">org.openqa.selenium.SessionNotCreatedException: 
session not created: This version of ChromeDriver only supports Chrome version 114
Current browser version is 126.0.6478.127 with binary path C:\Program Files (x86)\Google\Chrome\Application\chrome.exe
Build info: version: '3.141.59', revision: 'e82be7d358', time: '2018-11-14T08:17:03'
System info: host: 'DESKTOP-994P8DU', ip: '192.168.1.6', os.name: 'Windows 10', os.arch: 'amd64', os.version: '10.0', java.version: '1.8.0_202'
Driver info: driver.version: ChromeDriver
remote stacktrace: Backtrace:
	GetHandleVerifier [0x003EA813+48355]
	(No symbol) [0x0037C4B1]
	(No symbol) [0x00285358]
	(No symbol) [0x002A61AC]
	(No symbol) [0x002A1EF3]
	(No symbol) [0x002A0579]
	(No symbol) [0x002D0C55]
	(No symbol) [0x002D093C]
	(No symbol) [0x002CA536]
	(No symbol) [0x002A82DC]
	(No symbol) [0x002A93DD]
	GetHandleVerifier [0x0064AABD+2539405]
	GetHandleVerifier [0x0068A78F+2800735]
	GetHandleVerifier [0x0068456C+2775612]
	GetHandleVerifier [0x004751E0+616112]
	(No symbol) [0x00385F8C]
	(No symbol) [0x00382328]
	(No symbol) [0x0038240B]
	(No symbol) [0x00374FF7]
	BaseThreadInitThunk [0x7640FCC9+25]
	RtlGetAppContainerNamedObjectPath [0x773080CE+286]
	RtlGetAppContainerNamedObjectPath [0x7730809E+238]

</failure>
    <system-err><![CDATA[ChromeDriver was started successfully.
]]></system-err>
  </testcase>
  <testcase name="navigateToLoginPage" classname="tests.LoginPageTest" time="0">
    <skipped message="session not created: This version of ChromeDriver only supports Chrome version 114&#10;Current browser version is 126.0.6478.127 with binary path C:\Program Files (x86)\Google\Chrome\Application\chrome.exe&#10;Build info: version: &apos;3.141.59&apos;, revision: &apos;e82be7d358&apos;, time: &apos;2018-11-14T08:17:03&apos;&#10;System info: host: &apos;DESKTOP-994P8DU&apos;, ip: &apos;192.168.1.6&apos;, os.name: &apos;Windows 10&apos;, os.arch: &apos;amd64&apos;, os.version: &apos;10.0&apos;, java.version: &apos;1.8.0_202&apos;&#10;Driver info: driver.version: ChromeDriver&#10;remote stacktrace: Backtrace:&#10;	GetHandleVerifier [0x003EA813+48355]&#10;	(No symbol) [0x0037C4B1]&#10;	(No symbol) [0x00285358]&#10;	(No symbol) [0x002A61AC]&#10;	(No symbol) [0x002A1EF3]&#10;	(No symbol) [0x002A0579]&#10;	(No symbol) [0x002D0C55]&#10;	(No symbol) [0x002D093C]&#10;	(No symbol) [0x002CA536]&#10;	(No symbol) [0x002A82DC]&#10;	(No symbol) [0x002A93DD]&#10;	GetHandleVerifier [0x0064AABD+2539405]&#10;	GetHandleVerifier [0x0068A78F+2800735]&#10;	GetHandleVerifier [0x0068456C+2775612]&#10;	GetHandleVerifier [0x004751E0+616112]&#10;	(No symbol) [0x00385F8C]&#10;	(No symbol) [0x00382328]&#10;	(No symbol) [0x0038240B]&#10;	(No symbol) [0x00374FF7]&#10;	BaseThreadInitThunk [0x7640FCC9+25]&#10;	RtlGetAppContainerNamedObjectPath [0x773080CE+286]&#10;	RtlGetAppContainerNamedObjectPath [0x7730809E+238]&#10;"/>
  </testcase>
  <testcase name="verifyInvalidLoginCredentials" classname="tests.LoginPageTest" time="0">
    <skipped message="session not created: This version of ChromeDriver only supports Chrome version 114&#10;Current browser version is 126.0.6478.127 with binary path C:\Program Files (x86)\Google\Chrome\Application\chrome.exe&#10;Build info: version: &apos;3.141.59&apos;, revision: &apos;e82be7d358&apos;, time: &apos;2018-11-14T08:17:03&apos;&#10;System info: host: &apos;DESKTOP-994P8DU&apos;, ip: &apos;192.168.1.6&apos;, os.name: &apos;Windows 10&apos;, os.arch: &apos;amd64&apos;, os.version: &apos;10.0&apos;, java.version: &apos;1.8.0_202&apos;&#10;Driver info: driver.version: ChromeDriver&#10;remote stacktrace: Backtrace:&#10;	GetHandleVerifier [0x003EA813+48355]&#10;	(No symbol) [0x0037C4B1]&#10;	(No symbol) [0x00285358]&#10;	(No symbol) [0x002A61AC]&#10;	(No symbol) [0x002A1EF3]&#10;	(No symbol) [0x002A0579]&#10;	(No symbol) [0x002D0C55]&#10;	(No symbol) [0x002D093C]&#10;	(No symbol) [0x002CA536]&#10;	(No symbol) [0x002A82DC]&#10;	(No symbol) [0x002A93DD]&#10;	GetHandleVerifier [0x0064AABD+2539405]&#10;	GetHandleVerifier [0x0068A78F+2800735]&#10;	GetHandleVerifier [0x0068456C+2775612]&#10;	GetHandleVerifier [0x004751E0+616112]&#10;	(No symbol) [0x00385F8C]&#10;	(No symbol) [0x00382328]&#10;	(No symbol) [0x0038240B]&#10;	(No symbol) [0x00374FF7]&#10;	BaseThreadInitThunk [0x7640FCC9+25]&#10;	RtlGetAppContainerNamedObjectPath [0x773080CE+286]&#10;	RtlGetAppContainerNamedObjectPath [0x7730809E+238]&#10;"/>
  </testcase>
  <testcase name="verifyInvalidLoginCredentials" classname="tests.LoginPageTest" time="0">
    <skipped message="session not created: This version of ChromeDriver only supports Chrome version 114&#10;Current browser version is 126.0.6478.127 with binary path C:\Program Files (x86)\Google\Chrome\Application\chrome.exe&#10;Build info: version: &apos;3.141.59&apos;, revision: &apos;e82be7d358&apos;, time: &apos;2018-11-14T08:17:03&apos;&#10;System info: host: &apos;DESKTOP-994P8DU&apos;, ip: &apos;192.168.1.6&apos;, os.name: &apos;Windows 10&apos;, os.arch: &apos;amd64&apos;, os.version: &apos;10.0&apos;, java.version: &apos;1.8.0_202&apos;&#10;Driver info: driver.version: ChromeDriver&#10;remote stacktrace: Backtrace:&#10;	GetHandleVerifier [0x003EA813+48355]&#10;	(No symbol) [0x0037C4B1]&#10;	(No symbol) [0x00285358]&#10;	(No symbol) [0x002A61AC]&#10;	(No symbol) [0x002A1EF3]&#10;	(No symbol) [0x002A0579]&#10;	(No symbol) [0x002D0C55]&#10;	(No symbol) [0x002D093C]&#10;	(No symbol) [0x002CA536]&#10;	(No symbol) [0x002A82DC]&#10;	(No symbol) [0x002A93DD]&#10;	GetHandleVerifier [0x0064AABD+2539405]&#10;	GetHandleVerifier [0x0068A78F+2800735]&#10;	GetHandleVerifier [0x0068456C+2775612]&#10;	GetHandleVerifier [0x004751E0+616112]&#10;	(No symbol) [0x00385F8C]&#10;	(No symbol) [0x00382328]&#10;	(No symbol) [0x0038240B]&#10;	(No symbol) [0x00374FF7]&#10;	BaseThreadInitThunk [0x7640FCC9+25]&#10;	RtlGetAppContainerNamedObjectPath [0x773080CE+286]&#10;	RtlGetAppContainerNamedObjectPath [0x7730809E+238]&#10;"/>
  </testcase>
  <testcase name="verifyLogin" classname="tests.LoginPageTest" time="0">
    <skipped message="session not created: This version of ChromeDriver only supports Chrome version 114&#10;Current browser version is 126.0.6478.127 with binary path C:\Program Files (x86)\Google\Chrome\Application\chrome.exe&#10;Build info: version: &apos;3.141.59&apos;, revision: &apos;e82be7d358&apos;, time: &apos;2018-11-14T08:17:03&apos;&#10;System info: host: &apos;DESKTOP-994P8DU&apos;, ip: &apos;192.168.1.6&apos;, os.name: &apos;Windows 10&apos;, os.arch: &apos;amd64&apos;, os.version: &apos;10.0&apos;, java.version: &apos;1.8.0_202&apos;&#10;Driver info: driver.version: ChromeDriver&#10;remote stacktrace: Backtrace:&#10;	GetHandleVerifier [0x003EA813+48355]&#10;	(No symbol) [0x0037C4B1]&#10;	(No symbol) [0x00285358]&#10;	(No symbol) [0x002A61AC]&#10;	(No symbol) [0x002A1EF3]&#10;	(No symbol) [0x002A0579]&#10;	(No symbol) [0x002D0C55]&#10;	(No symbol) [0x002D093C]&#10;	(No symbol) [0x002CA536]&#10;	(No symbol) [0x002A82DC]&#10;	(No symbol) [0x002A93DD]&#10;	GetHandleVerifier [0x0064AABD+2539405]&#10;	GetHandleVerifier [0x0068A78F+2800735]&#10;	GetHandleVerifier [0x0068456C+2775612]&#10;	GetHandleVerifier [0x004751E0+616112]&#10;	(No symbol) [0x00385F8C]&#10;	(No symbol) [0x00382328]&#10;	(No symbol) [0x0038240B]&#10;	(No symbol) [0x00374FF7]&#10;	BaseThreadInitThunk [0x7640FCC9+25]&#10;	RtlGetAppContainerNamedObjectPath [0x773080CE+286]&#10;	RtlGetAppContainerNamedObjectPath [0x7730809E+238]&#10;"/>
  </testcase>
  <testcase name="tearDown" classname="tests.LoginPageTest" time="0.001">
    <failure type="java.lang.NullPointerException">java.lang.NullPointerException
</failure>
  </testcase>
  <testcase name="setup" classname="tests.ForumsPageTest" time="1.969">
    <failure message="session not created: This version of ChromeDriver only supports Chrome version 114&#10;Current browser version is 126.0.6478.127 with binary path C:\Program Files (x86)\Google\Chrome\Application\chrome.exe&#10;Build info: version: &apos;3.141.59&apos;, revision: &apos;e82be7d358&apos;, time: &apos;2018-11-14T08:17:03&apos;&#10;System info: host: &apos;DESKTOP-994P8DU&apos;, ip: &apos;192.168.1.6&apos;, os.name: &apos;Windows 10&apos;, os.arch: &apos;amd64&apos;, os.version: &apos;10.0&apos;, java.version: &apos;1.8.0_202&apos;&#10;Driver info: driver.version: ChromeDriver&#10;remote stacktrace: Backtrace:&#10;	GetHandleVerifier [0x003EA813+48355]&#10;	(No symbol) [0x0037C4B1]&#10;	(No symbol) [0x00285358]&#10;	(No symbol) [0x002A61AC]&#10;	(No symbol) [0x002A1EF3]&#10;	(No symbol) [0x002A0579]&#10;	(No symbol) [0x002D0C55]&#10;	(No symbol) [0x002D093C]&#10;	(No symbol) [0x002CA536]&#10;	(No symbol) [0x002A82DC]&#10;	(No symbol) [0x002A93DD]&#10;	GetHandleVerifier [0x0064AABD+2539405]&#10;	GetHandleVerifier [0x0068A78F+2800735]&#10;	GetHandleVerifier [0x0068456C+2775612]&#10;	GetHandleVerifier [0x004751E0+616112]&#10;	(No symbol) [0x00385F8C]&#10;	(No symbol) [0x00382328]&#10;	(No symbol) [0x0038240B]&#10;	(No symbol) [0x00374FF7]&#10;	BaseThreadInitThunk [0x7640FCC9+25]&#10;	RtlGetAppContainerNamedObjectPath [0x773080CE+286]&#10;	RtlGetAppContainerNamedObjectPath [0x7730809E+238]&#10;" type="org.openqa.selenium.SessionNotCreatedException">org.openqa.selenium.SessionNotCreatedException: 
session not created: This version of ChromeDriver only supports Chrome version 114
Current browser version is 126.0.6478.127 with binary path C:\Program Files (x86)\Google\Chrome\Application\chrome.exe
Build info: version: '3.141.59', revision: 'e82be7d358', time: '2018-11-14T08:17:03'
System info: host: 'DESKTOP-994P8DU', ip: '192.168.1.6', os.name: 'Windows 10', os.arch: 'amd64', os.version: '10.0', java.version: '1.8.0_202'
Driver info: driver.version: ChromeDriver
remote stacktrace: Backtrace:
	GetHandleVerifier [0x003EA813+48355]
	(No symbol) [0x0037C4B1]
	(No symbol) [0x00285358]
	(No symbol) [0x002A61AC]
	(No symbol) [0x002A1EF3]
	(No symbol) [0x002A0579]
	(No symbol) [0x002D0C55]
	(No symbol) [0x002D093C]
	(No symbol) [0x002CA536]
	(No symbol) [0x002A82DC]
	(No symbol) [0x002A93DD]
	GetHandleVerifier [0x0064AABD+2539405]
	GetHandleVerifier [0x0068A78F+2800735]
	GetHandleVerifier [0x0068456C+2775612]
	GetHandleVerifier [0x004751E0+616112]
	(No symbol) [0x00385F8C]
	(No symbol) [0x00382328]
	(No symbol) [0x0038240B]
	(No symbol) [0x00374FF7]
	BaseThreadInitThunk [0x7640FCC9+25]
	RtlGetAppContainerNamedObjectPath [0x773080CE+286]
	RtlGetAppContainerNamedObjectPath [0x7730809E+238]

</failure>
    <system-err><![CDATA[ChromeDriver was started successfully.
]]></system-err>
  </testcase>
  <testcase name="navigateToForumsPage" classname="tests.ForumsPageTest" time="0">
    <skipped message="session not created: This version of ChromeDriver only supports Chrome version 114&#10;Current browser version is 126.0.6478.127 with binary path C:\Program Files (x86)\Google\Chrome\Application\chrome.exe&#10;Build info: version: &apos;3.141.59&apos;, revision: &apos;e82be7d358&apos;, time: &apos;2018-11-14T08:17:03&apos;&#10;System info: host: &apos;DESKTOP-994P8DU&apos;, ip: &apos;192.168.1.6&apos;, os.name: &apos;Windows 10&apos;, os.arch: &apos;amd64&apos;, os.version: &apos;10.0&apos;, java.version: &apos;1.8.0_202&apos;&#10;Driver info: driver.version: ChromeDriver&#10;remote stacktrace: Backtrace:&#10;	GetHandleVerifier [0x003EA813+48355]&#10;	(No symbol) [0x0037C4B1]&#10;	(No symbol) [0x00285358]&#10;	(No symbol) [0x002A61AC]&#10;	(No symbol) [0x002A1EF3]&#10;	(No symbol) [0x002A0579]&#10;	(No symbol) [0x002D0C55]&#10;	(No symbol) [0x002D093C]&#10;	(No symbol) [0x002CA536]&#10;	(No symbol) [0x002A82DC]&#10;	(No symbol) [0x002A93DD]&#10;	GetHandleVerifier [0x0064AABD+2539405]&#10;	GetHandleVerifier [0x0068A78F+2800735]&#10;	GetHandleVerifier [0x0068456C+2775612]&#10;	GetHandleVerifier [0x004751E0+616112]&#10;	(No symbol) [0x00385F8C]&#10;	(No symbol) [0x00382328]&#10;	(No symbol) [0x0038240B]&#10;	(No symbol) [0x00374FF7]&#10;	BaseThreadInitThunk [0x7640FCC9+25]&#10;	RtlGetAppContainerNamedObjectPath [0x773080CE+286]&#10;	RtlGetAppContainerNamedObjectPath [0x7730809E+238]&#10;"/>
  </testcase>
  <testcase name="verifyForumsHeaderPresent" classname="tests.ForumsPageTest" time="0">
    <skipped message="Method ForumsPageTest.verifyForumsHeaderPresent()[pri:1, instance:tests.ForumsPageTest@3327bd23] depends on not successfully finished methods"/>
  </testcase>
  <testcase name="clickNextPage" classname="tests.ForumsPageTest" time="0">
    <skipped message="session not created: This version of ChromeDriver only supports Chrome version 114&#10;Current browser version is 126.0.6478.127 with binary path C:\Program Files (x86)\Google\Chrome\Application\chrome.exe&#10;Build info: version: &apos;3.141.59&apos;, revision: &apos;e82be7d358&apos;, time: &apos;2018-11-14T08:17:03&apos;&#10;System info: host: &apos;DESKTOP-994P8DU&apos;, ip: &apos;192.168.1.6&apos;, os.name: &apos;Windows 10&apos;, os.arch: &apos;amd64&apos;, os.version: &apos;10.0&apos;, java.version: &apos;1.8.0_202&apos;&#10;Driver info: driver.version: ChromeDriver&#10;remote stacktrace: Backtrace:&#10;	GetHandleVerifier [0x003EA813+48355]&#10;	(No symbol) [0x0037C4B1]&#10;	(No symbol) [0x00285358]&#10;	(No symbol) [0x002A61AC]&#10;	(No symbol) [0x002A1EF3]&#10;	(No symbol) [0x002A0579]&#10;	(No symbol) [0x002D0C55]&#10;	(No symbol) [0x002D093C]&#10;	(No symbol) [0x002CA536]&#10;	(No symbol) [0x002A82DC]&#10;	(No symbol) [0x002A93DD]&#10;	GetHandleVerifier [0x0064AABD+2539405]&#10;	GetHandleVerifier [0x0068A78F+2800735]&#10;	GetHandleVerifier [0x0068456C+2775612]&#10;	GetHandleVerifier [0x004751E0+616112]&#10;	(No symbol) [0x00385F8C]&#10;	(No symbol) [0x00382328]&#10;	(No symbol) [0x0038240B]&#10;	(No symbol) [0x00374FF7]&#10;	BaseThreadInitThunk [0x7640FCC9+25]&#10;	RtlGetAppContainerNamedObjectPath [0x773080CE+286]&#10;	RtlGetAppContainerNamedObjectPath [0x7730809E+238]&#10;"/>
  </testcase>
  <testcase name="verifyForumSearch" classname="tests.ForumsPageTest" time="0">
    <skipped message="session not created: This version of ChromeDriver only supports Chrome version 114&#10;Current browser version is 126.0.6478.127 with binary path C:\Program Files (x86)\Google\Chrome\Application\chrome.exe&#10;Build info: version: &apos;3.141.59&apos;, revision: &apos;e82be7d358&apos;, time: &apos;2018-11-14T08:17:03&apos;&#10;System info: host: &apos;DESKTOP-994P8DU&apos;, ip: &apos;192.168.1.6&apos;, os.name: &apos;Windows 10&apos;, os.arch: &apos;amd64&apos;, os.version: &apos;10.0&apos;, java.version: &apos;1.8.0_202&apos;&#10;Driver info: driver.version: ChromeDriver&#10;remote stacktrace: Backtrace:&#10;	GetHandleVerifier [0x003EA813+48355]&#10;	(No symbol) [0x0037C4B1]&#10;	(No symbol) [0x00285358]&#10;	(No symbol) [0x002A61AC]&#10;	(No symbol) [0x002A1EF3]&#10;	(No symbol) [0x002A0579]&#10;	(No symbol) [0x002D0C55]&#10;	(No symbol) [0x002D093C]&#10;	(No symbol) [0x002CA536]&#10;	(No symbol) [0x002A82DC]&#10;	(No symbol) [0x002A93DD]&#10;	GetHandleVerifier [0x0064AABD+2539405]&#10;	GetHandleVerifier [0x0068A78F+2800735]&#10;	GetHandleVerifier [0x0068456C+2775612]&#10;	GetHandleVerifier [0x004751E0+616112]&#10;	(No symbol) [0x00385F8C]&#10;	(No symbol) [0x00382328]&#10;	(No symbol) [0x0038240B]&#10;	(No symbol) [0x00374FF7]&#10;	BaseThreadInitThunk [0x7640FCC9+25]&#10;	RtlGetAppContainerNamedObjectPath [0x773080CE+286]&#10;	RtlGetAppContainerNamedObjectPath [0x7730809E+238]&#10;"/>
  </testcase>
  <testcase name="tearDown" classname="tests.ForumsPageTest" time="0.009">
    <failure type="java.lang.NullPointerException">java.lang.NullPointerException
</failure>
  </testcase>
  <testcase name="setup" classname="tests.CheckoutTest" time="1.899">
    <failure message="session not created: This version of ChromeDriver only supports Chrome version 114&#10;Current browser version is 126.0.6478.127 with binary path C:\Program Files (x86)\Google\Chrome\Application\chrome.exe&#10;Build info: version: &apos;3.141.59&apos;, revision: &apos;e82be7d358&apos;, time: &apos;2018-11-14T08:17:03&apos;&#10;System info: host: &apos;DESKTOP-994P8DU&apos;, ip: &apos;192.168.1.6&apos;, os.name: &apos;Windows 10&apos;, os.arch: &apos;amd64&apos;, os.version: &apos;10.0&apos;, java.version: &apos;1.8.0_202&apos;&#10;Driver info: driver.version: ChromeDriver&#10;remote stacktrace: Backtrace:&#10;	GetHandleVerifier [0x003EA813+48355]&#10;	(No symbol) [0x0037C4B1]&#10;	(No symbol) [0x00285358]&#10;	(No symbol) [0x002A61AC]&#10;	(No symbol) [0x002A1EF3]&#10;	(No symbol) [0x002A0579]&#10;	(No symbol) [0x002D0C55]&#10;	(No symbol) [0x002D093C]&#10;	(No symbol) [0x002CA536]&#10;	(No symbol) [0x002A82DC]&#10;	(No symbol) [0x002A93DD]&#10;	GetHandleVerifier [0x0064AABD+2539405]&#10;	GetHandleVerifier [0x0068A78F+2800735]&#10;	GetHandleVerifier [0x0068456C+2775612]&#10;	GetHandleVerifier [0x004751E0+616112]&#10;	(No symbol) [0x00385F8C]&#10;	(No symbol) [0x00382328]&#10;	(No symbol) [0x0038240B]&#10;	(No symbol) [0x00374FF7]&#10;	BaseThreadInitThunk [0x7640FCC9+25]&#10;	RtlGetAppContainerNamedObjectPath [0x773080CE+286]&#10;	RtlGetAppContainerNamedObjectPath [0x7730809E+238]&#10;" type="org.openqa.selenium.SessionNotCreatedException">org.openqa.selenium.SessionNotCreatedException: 
session not created: This version of ChromeDriver only supports Chrome version 114
Current browser version is 126.0.6478.127 with binary path C:\Program Files (x86)\Google\Chrome\Application\chrome.exe
Build info: version: '3.141.59', revision: 'e82be7d358', time: '2018-11-14T08:17:03'
System info: host: 'DESKTOP-994P8DU', ip: '192.168.1.6', os.name: 'Windows 10', os.arch: 'amd64', os.version: '10.0', java.version: '1.8.0_202'
Driver info: driver.version: ChromeDriver
remote stacktrace: Backtrace:
	GetHandleVerifier [0x003EA813+48355]
	(No symbol) [0x0037C4B1]
	(No symbol) [0x00285358]
	(No symbol) [0x002A61AC]
	(No symbol) [0x002A1EF3]
	(No symbol) [0x002A0579]
	(No symbol) [0x002D0C55]
	(No symbol) [0x002D093C]
	(No symbol) [0x002CA536]
	(No symbol) [0x002A82DC]
	(No symbol) [0x002A93DD]
	GetHandleVerifier [0x0064AABD+2539405]
	GetHandleVerifier [0x0068A78F+2800735]
	GetHandleVerifier [0x0068456C+2775612]
	GetHandleVerifier [0x004751E0+616112]
	(No symbol) [0x00385F8C]
	(No symbol) [0x00382328]
	(No symbol) [0x0038240B]
	(No symbol) [0x00374FF7]
	BaseThreadInitThunk [0x7640FCC9+25]
	RtlGetAppContainerNamedObjectPath [0x773080CE+286]
	RtlGetAppContainerNamedObjectPath [0x7730809E+238]

</failure>
    <system-err><![CDATA[ChromeDriver was started successfully.
]]></system-err>
  </testcase>
  <testcase name="navigateToCart" classname="tests.CheckoutTest" time="0">
    <skipped message="session not created: This version of ChromeDriver only supports Chrome version 114&#10;Current browser version is 126.0.6478.127 with binary path C:\Program Files (x86)\Google\Chrome\Application\chrome.exe&#10;Build info: version: &apos;3.141.59&apos;, revision: &apos;e82be7d358&apos;, time: &apos;2018-11-14T08:17:03&apos;&#10;System info: host: &apos;DESKTOP-994P8DU&apos;, ip: &apos;192.168.1.6&apos;, os.name: &apos;Windows 10&apos;, os.arch: &apos;amd64&apos;, os.version: &apos;10.0&apos;, java.version: &apos;1.8.0_202&apos;&#10;Driver info: driver.version: ChromeDriver&#10;remote stacktrace: Backtrace:&#10;	GetHandleVerifier [0x003EA813+48355]&#10;	(No symbol) [0x0037C4B1]&#10;	(No symbol) [0x00285358]&#10;	(No symbol) [0x002A61AC]&#10;	(No symbol) [0x002A1EF3]&#10;	(No symbol) [0x002A0579]&#10;	(No symbol) [0x002D0C55]&#10;	(No symbol) [0x002D093C]&#10;	(No symbol) [0x002CA536]&#10;	(No symbol) [0x002A82DC]&#10;	(No symbol) [0x002A93DD]&#10;	GetHandleVerifier [0x0064AABD+2539405]&#10;	GetHandleVerifier [0x0068A78F+2800735]&#10;	GetHandleVerifier [0x0068456C+2775612]&#10;	GetHandleVerifier [0x004751E0+616112]&#10;	(No symbol) [0x00385F8C]&#10;	(No symbol) [0x00382328]&#10;	(No symbol) [0x0038240B]&#10;	(No symbol) [0x00374FF7]&#10;	BaseThreadInitThunk [0x7640FCC9+25]&#10;	RtlGetAppContainerNamedObjectPath [0x773080CE+286]&#10;	RtlGetAppContainerNamedObjectPath [0x7730809E+238]&#10;"/>
  </testcase>
  <testcase name="verifyRemovingFromCart" classname="tests.CheckoutTest" time="0">
    <skipped message="session not created: This version of ChromeDriver only supports Chrome version 114&#10;Current browser version is 126.0.6478.127 with binary path C:\Program Files (x86)\Google\Chrome\Application\chrome.exe&#10;Build info: version: &apos;3.141.59&apos;, revision: &apos;e82be7d358&apos;, time: &apos;2018-11-14T08:17:03&apos;&#10;System info: host: &apos;DESKTOP-994P8DU&apos;, ip: &apos;192.168.1.6&apos;, os.name: &apos;Windows 10&apos;, os.arch: &apos;amd64&apos;, os.version: &apos;10.0&apos;, java.version: &apos;1.8.0_202&apos;&#10;Driver info: driver.version: ChromeDriver&#10;remote stacktrace: Backtrace:&#10;	GetHandleVerifier [0x003EA813+48355]&#10;	(No symbol) [0x0037C4B1]&#10;	(No symbol) [0x00285358]&#10;	(No symbol) [0x002A61AC]&#10;	(No symbol) [0x002A1EF3]&#10;	(No symbol) [0x002A0579]&#10;	(No symbol) [0x002D0C55]&#10;	(No symbol) [0x002D093C]&#10;	(No symbol) [0x002CA536]&#10;	(No symbol) [0x002A82DC]&#10;	(No symbol) [0x002A93DD]&#10;	GetHandleVerifier [0x0064AABD+2539405]&#10;	GetHandleVerifier [0x0068A78F+2800735]&#10;	GetHandleVerifier [0x0068456C+2775612]&#10;	GetHandleVerifier [0x004751E0+616112]&#10;	(No symbol) [0x00385F8C]&#10;	(No symbol) [0x00382328]&#10;	(No symbol) [0x0038240B]&#10;	(No symbol) [0x00374FF7]&#10;	BaseThreadInitThunk [0x7640FCC9+25]&#10;	RtlGetAppContainerNamedObjectPath [0x773080CE+286]&#10;	RtlGetAppContainerNamedObjectPath [0x7730809E+238]&#10;"/>
  </testcase>
  <testcase name="verifyReadingItemToCart" classname="tests.CheckoutTest" time="0">
    <skipped message="Method CheckoutTest.verifyReadingItemToCart()[pri:2, instance:tests.CheckoutTest@4e1d422d] depends on not successfully finished methods"/>
  </testcase>
  <testcase name="selectAShippingCountry" classname="tests.CheckoutTest" time="0">
    <skipped message="session not created: This version of ChromeDriver only supports Chrome version 114&#10;Current browser version is 126.0.6478.127 with binary path C:\Program Files (x86)\Google\Chrome\Application\chrome.exe&#10;Build info: version: &apos;3.141.59&apos;, revision: &apos;e82be7d358&apos;, time: &apos;2018-11-14T08:17:03&apos;&#10;System info: host: &apos;DESKTOP-994P8DU&apos;, ip: &apos;192.168.1.6&apos;, os.name: &apos;Windows 10&apos;, os.arch: &apos;amd64&apos;, os.version: &apos;10.0&apos;, java.version: &apos;1.8.0_202&apos;&#10;Driver info: driver.version: ChromeDriver&#10;remote stacktrace: Backtrace:&#10;	GetHandleVerifier [0x003EA813+48355]&#10;	(No symbol) [0x0037C4B1]&#10;	(No symbol) [0x00285358]&#10;	(No symbol) [0x002A61AC]&#10;	(No symbol) [0x002A1EF3]&#10;	(No symbol) [0x002A0579]&#10;	(No symbol) [0x002D0C55]&#10;	(No symbol) [0x002D093C]&#10;	(No symbol) [0x002CA536]&#10;	(No symbol) [0x002A82DC]&#10;	(No symbol) [0x002A93DD]&#10;	GetHandleVerifier [0x0064AABD+2539405]&#10;	GetHandleVerifier [0x0068A78F+2800735]&#10;	GetHandleVerifier [0x0068456C+2775612]&#10;	GetHandleVerifier [0x004751E0+616112]&#10;	(No symbol) [0x00385F8C]&#10;	(No symbol) [0x00382328]&#10;	(No symbol) [0x0038240B]&#10;	(No symbol) [0x00374FF7]&#10;	BaseThreadInitThunk [0x7640FCC9+25]&#10;	RtlGetAppContainerNamedObjectPath [0x773080CE+286]&#10;	RtlGetAppContainerNamedObjectPath [0x7730809E+238]&#10;"/>
  </testcase>
  <testcase name="verifyClickingCheckoutLoadsCheckoutPage" classname="tests.CheckoutTest" time="0">
    <skipped message="session not created: This version of ChromeDriver only supports Chrome version 114&#10;Current browser version is 126.0.6478.127 with binary path C:\Program Files (x86)\Google\Chrome\Application\chrome.exe&#10;Build info: version: &apos;3.141.59&apos;, revision: &apos;e82be7d358&apos;, time: &apos;2018-11-14T08:17:03&apos;&#10;System info: host: &apos;DESKTOP-994P8DU&apos;, ip: &apos;192.168.1.6&apos;, os.name: &apos;Windows 10&apos;, os.arch: &apos;amd64&apos;, os.version: &apos;10.0&apos;, java.version: &apos;1.8.0_202&apos;&#10;Driver info: driver.version: ChromeDriver&#10;remote stacktrace: Backtrace:&#10;	GetHandleVerifier [0x003EA813+48355]&#10;	(No symbol) [0x0037C4B1]&#10;	(No symbol) [0x00285358]&#10;	(No symbol) [0x002A61AC]&#10;	(No symbol) [0x002A1EF3]&#10;	(No symbol) [0x002A0579]&#10;	(No symbol) [0x002D0C55]&#10;	(No symbol) [0x002D093C]&#10;	(No symbol) [0x002CA536]&#10;	(No symbol) [0x002A82DC]&#10;	(No symbol) [0x002A93DD]&#10;	GetHandleVerifier [0x0064AABD+2539405]&#10;	GetHandleVerifier [0x0068A78F+2800735]&#10;	GetHandleVerifier [0x0068456C+2775612]&#10;	GetHandleVerifier [0x004751E0+616112]&#10;	(No symbol) [0x00385F8C]&#10;	(No symbol) [0x00382328]&#10;	(No symbol) [0x0038240B]&#10;	(No symbol) [0x00374FF7]&#10;	BaseThreadInitThunk [0x7640FCC9+25]&#10;	RtlGetAppContainerNamedObjectPath [0x773080CE+286]&#10;	RtlGetAppContainerNamedObjectPath [0x7730809E+238]&#10;"/>
  </testcase>
  <testcase name="enterPersonalDetails" classname="tests.CheckoutTest" time="0">
    <skipped message="Method CheckoutTest.enterPersonalDetails()[pri:5, instance:tests.CheckoutTest@4e1d422d] depends on not successfully finished methods"/>
  </testcase>
  <testcase name="tearDown" classname="tests.CheckoutTest" time="0">
    <failure type="java.lang.NullPointerException">java.lang.NullPointerException
</failure>
  </testcase>
</testsuite>